<?xml version="1.0" encoding="UTF-8"?>
<!-- Generated by org.testng.reporters.JUnitReportReporter -->
<testsuite skipped="0" hostname="gryphon" name="com.resrassured.demo.DemoTests" tests="1" failures="0" timestamp="31 Mar 2018 15:39:13 GMT" time="2.371" errors="0">
  <testcase name="testingPOSTDEMOQAMethod" time="2.371" classname="com.resrassured.demo.DemoTests"/>
</testsuite> <!-- com.resrassured.demo.DemoTests -->
